<?xml version="1.0" encoding="UTF-8"?>
<testsuite name="MealPlannerTest" tests="1" skipped="0" failures="1" errors="0" timestamp="2024-04-10T12:28:30" hostname="DESKTOP-1CDESHD" time="1.111">
  <properties/>
  <testcase name="start" classname="MealPlannerTest" time="1.111">
    <failure message="java.lang.AssertionError: Wrong answer in test #6&#10;&#10;Line eggs x3 doesn't exist in file.&#10;&#10;Please find below the output of your program during this failed test.&#10;Note that the '&gt;' character indicates the beginning of the input line.&#10;&#10;---&#10;&#10;What would you like to do (add, show, plan, save, exit)?&#10;&gt; save&#10;Input a filename:&#10;&gt; plan.txt&#10;Saved!&#10;What would you like to do (add, show, plan, save, exit)?" type="java.lang.AssertionError">java.lang.AssertionError: Wrong answer in test #6

Line eggs x3 doesn't exist in file.

Please find below the output of your program during this failed test.
Note that the '&gt;' character indicates the beginning of the input line.

---

What would you like to do (add, show, plan, save, exit)?
&gt; save
Input a filename:
&gt; plan.txt
Saved!
What would you like to do (add, show, plan, save, exit)?
	at org.junit.Assert.fail(Assert.java:89)
	at org.hyperskill.hstest.stage.StageTest.start(StageTest.java:203)
	at java.base/jdk.internal.reflect.NativeMethodAccessorImpl.invoke0(Native Method)
	at java.base/jdk.internal.reflect.NativeMethodAccessorImpl.invoke(NativeMethodAccessorImpl.java:77)
	at java.base/jdk.internal.reflect.DelegatingMethodAccessorImpl.invoke(DelegatingMethodAccessorImpl.java:43)
	at java.base/java.lang.reflect.Method.invoke(Method.java:568)
	at org.junit.runners.model.FrameworkMethod$1.runReflectiveCall(FrameworkMethod.java:59)
	at org.junit.internal.runners.model.ReflectiveCallable.run(ReflectiveCallable.java:12)
	at org.junit.runners.model.FrameworkMethod.invokeExplosively(FrameworkMethod.java:56)
	at org.junit.internal.runners.statements.InvokeMethod.evaluate(InvokeMethod.java:17)
	at org.junit.runners.ParentRunner$3.evaluate(ParentRunner.java:306)
	at org.junit.runners.BlockJUnit4ClassRunner$1.evaluate(BlockJUnit4ClassRunner.java:100)
	at org.junit.runners.ParentRunner.runLeaf(ParentRunner.java:366)
	at org.junit.runners.BlockJUnit4ClassRunner.runChild(BlockJUnit4ClassRunner.java:103)
	at org.junit.runners.BlockJUnit4ClassRunner.runChild(BlockJUnit4ClassRunner.java:63)
	at org.junit.runners.ParentRunner$4.run(ParentRunner.java:331)
	at org.junit.runners.ParentRunner$1.schedule(ParentRunner.java:79)
	at org.junit.runners.ParentRunner.runChildren(ParentRunner.java:329)
	at org.junit.runners.ParentRunner.access$100(ParentRunner.java:66)
	at org.junit.runners.ParentRunner$2.evaluate(ParentRunner.java:293)
	at org.junit.runners.ParentRunner$3.evaluate(ParentRunner.java:306)
	at org.junit.runners.ParentRunner.run(ParentRunner.java:413)
	at org.gradle.api.internal.tasks.testing.junit.JUnitTestClassExecutor.runTestClass(JUnitTestClassExecutor.java:110)
	at org.gradle.api.internal.tasks.testing.junit.JUnitTestClassExecutor.execute(JUnitTestClassExecutor.java:58)
	at org.gradle.api.internal.tasks.testing.junit.JUnitTestClassExecutor.execute(JUnitTestClassExecutor.java:38)
	at org.gradle.api.internal.tasks.testing.junit.AbstractJUnitTestClassProcessor.processTestClass(AbstractJUnitTestClassProcessor.java:62)
	at org.gradle.api.internal.tasks.testing.SuiteTestClassProcessor.processTestClass(SuiteTestClassProcessor.java:51)
	at java.base/jdk.internal.reflect.NativeMethodAccessorImpl.invoke0(Native Method)
	at java.base/jdk.internal.reflect.NativeMethodAccessorImpl.invoke(NativeMethodAccessorImpl.java:77)
	at java.base/jdk.internal.reflect.DelegatingMethodAccessorImpl.invoke(DelegatingMethodAccessorImpl.java:43)
	at java.base/java.lang.reflect.Method.invoke(Method.java:568)
	at org.gradle.internal.dispatch.ReflectionDispatch.dispatch(ReflectionDispatch.java:36)
	at org.gradle.internal.dispatch.ReflectionDispatch.dispatch(ReflectionDispatch.java:24)
	at org.gradle.internal.dispatch.ContextClassLoaderDispatch.dispatch(ContextClassLoaderDispatch.java:33)
	at org.gradle.internal.dispatch.ProxyDispatchAdapter$DispatchingInvocationHandler.invoke(ProxyDispatchAdapter.java:94)
	at jdk.proxy1/jdk.proxy1.$Proxy2.processTestClass(Unknown Source)
	at org.gradle.api.internal.tasks.testing.worker.TestWorker$2.run(TestWorker.java:176)
	at org.gradle.api.internal.tasks.testing.worker.TestWorker.executeAndMaintainThreadName(TestWorker.java:129)
	at org.gradle.api.internal.tasks.testing.worker.TestWorker.execute(TestWorker.java:100)
	at org.gradle.api.internal.tasks.testing.worker.TestWorker.execute(TestWorker.java:60)
	at org.gradle.process.internal.worker.child.ActionExecutionWorker.execute(ActionExecutionWorker.java:56)
	at org.gradle.process.internal.worker.child.SystemApplicationClassLoaderWorker.call(SystemApplicationClassLoaderWorker.java:133)
	at org.gradle.process.internal.worker.child.SystemApplicationClassLoaderWorker.call(SystemApplicationClassLoaderWorker.java:71)
	at worker.org.gradle.process.internal.worker.GradleWorkerMain.run(GradleWorkerMain.java:69)
	at worker.org.gradle.process.internal.worker.GradleWorkerMain.main(GradleWorkerMain.java:74)
</failure>
  </testcase>
  <system-out><![CDATA[?[1;31m
Start test 1?[0m
What would you like to do (add, show, plan, save, exit)?
> save
Unable to save. Plan your meals first.
What would you like to do (add, show, plan, save, exit)?
> exit
Bye!
?[1;31m
Start test 2?[0m
What would you like to do (add, show, plan, save, exit)?
?[0;34mplan
?[0m?[0;34mplan
> exit
Bye!
?[1;31m
Start test 3?[0m
What would you like to do (add, show, plan, save, exit)?
> add
Which meal do you want to add (breakfast, lunch, dinner)?
> lunch
Input the meal's name:
> sushi
Input the ingredients:
> salmon, rice, avocado
The meal has been added!
What would you like to do (add, show, plan, save, exit)?
> add
Which meal do you want to add (breakfast, lunch, dinner)?
> lunch
Input the meal's name:
> omelette
Input the ingredients:
> eggs, milk, cheese
The meal has been added!
What would you like to do (add, show, plan, save, exit)?
> add
Which meal do you want to add (breakfast, lunch, dinner)?
> breakfast
Input the meal's name:
> oatmeal
Input the ingredients:
> oats, milk, banana, peanut butter
The meal has been added!
What would you like to do (add, show, plan, save, exit)?
> show
Which category do you want to print (breakfast, lunch, dinner)?
> lunch
Category: lunch

Name: sushi
Ingredients:
salmon
rice
avocado

Name: omelette
Ingredients:
eggs
milk
cheese

What would you like to do (add, show, plan, save, exit)?
> show
Which category do you want to print (breakfast, lunch, dinner)?
> breakfast
Category: breakfast

Name: oatmeal
Ingredients:
oats
milk
banana
peanut butter

What would you like to do (add, show, plan, save, exit)?
> exit
Bye!
?[1;31m
Start test 4?[0m
What would you like to do (add, show, plan, save, exit)?
> show
Which category do you want to print (breakfast, lunch, dinner)?
> lunch
Category: lunch

Name: sushi
Ingredients:
salmon
rice
avocado

Name: omelette
Ingredients:
eggs
milk
cheese

What would you like to do (add, show, plan, save, exit)?
> show
Which category do you want to print (breakfast, lunch, dinner)?
> breakfast
Category: breakfast

Name: oatmeal
Ingredients:
oats
milk
banana
peanut butter

What would you like to do (add, show, plan, save, exit)?
> show
Which category do you want to print (breakfast, lunch, dinner)?
> brunch
Wrong meal category! Choose from: breakfast, lunch, dinner.
> dinner
No meals found.
What would you like to do (add, show, plan, save, exit)?
> exit
Bye!
?[1;31m
Start test 5?[0m
What would you like to do (add, show, plan, save, exit)?
> add
Which meal do you want to add (breakfast, lunch, dinner)?
> breakfast
Input the meal's name:
> scrambled eggs
Input the ingredients:
> eggs,milk,cheese
The meal has been added!
What would you like to do (add, show, plan, save, exit)?
> add
Which meal do you want to add (breakfast, lunch, dinner)?
> breakfast
Input the meal's name:
> sandwich
Input the ingredients:
> bread,cheese,ham
The meal has been added!
What would you like to do (add, show, plan, save, exit)?
> add
Which meal do you want to add (breakfast, lunch, dinner)?
> breakfast
Input the meal's name:
> oatmeal
Input the ingredients:
> oats,milk,banana,peanut butter
The meal has been added!
What would you like to do (add, show, plan, save, exit)?
> add
Which meal do you want to add (breakfast, lunch, dinner)?
> breakfast
Input the meal's name:
> english breakfast
Input the ingredients:
> eggs,sausages,bacon,tomatoes,bread
The meal has been added!
What would you like to do (add, show, plan, save, exit)?
> add
Which meal do you want to add (breakfast, lunch, dinner)?
> lunch
Input the meal's name:
> sushi
Input the ingredients:
> salmon,rice,avocado
The meal has been added!
What would you like to do (add, show, plan, save, exit)?
> add
Which meal do you want to add (breakfast, lunch, dinner)?
> lunch
Input the meal's name:
> chicken salad
Input the ingredients:
> chicken,lettuce,tomato,olives
The meal has been added!
What would you like to do (add, show, plan, save, exit)?
> add
Which meal do you want to add (breakfast, lunch, dinner)?
> lunch
Input the meal's name:
> omelette
Input the ingredients:
> eggs,milk,cheese
The meal has been added!
What would you like to do (add, show, plan, save, exit)?
> add
Which meal do you want to add (breakfast, lunch, dinner)?
> lunch
Input the meal's name:
> salad
Input the ingredients:
> lettuce,tomato,onion,cheese,olives
The meal has been added!
What would you like to do (add, show, plan, save, exit)?
> add
Which meal do you want to add (breakfast, lunch, dinner)?
> dinner
Input the meal's name:
> pumpkin soup
Input the ingredients:
> pumpkin,coconut milk,curry,carrots
The meal has been added!
What would you like to do (add, show, plan, save, exit)?
> add
Which meal do you want to add (breakfast, lunch, dinner)?
> dinner
Input the meal's name:
> beef steak
Input the ingredients:
> beef steak
The meal has been added!
What would you like to do (add, show, plan, save, exit)?
> add
Which meal do you want to add (breakfast, lunch, dinner)?
> dinner
Input the meal's name:
> pizza
Input the ingredients:
> flour,tomato,cheese,salami
The meal has been added!
What would you like to do (add, show, plan, save, exit)?
> add
Which meal do you want to add (breakfast, lunch, dinner)?
> dinner
Input the meal's name:
> tomato soup
Input the ingredients:
> tomato,orzo
The meal has been added!
What would you like to do (add, show, plan, save, exit)?
> plan
Monday
english breakfast
oatmeal
sandwich
scrambled eggs
Choose the breakfast for Monday from the list above:
> nonExistMeal
This meal doesn’t exist. Choose a meal from the list above.
> scrambled eggs
chicken salad
omelette
salad
sushi
Choose the lunch for Monday from the list above:
> nonExistMeal
This meal doesn’t exist. Choose a meal from the list above.
> sushi
beef steak
pizza
pumpkin soup
tomato soup
Choose the dinner for Monday from the list above:
> nonExistMeal
This meal doesn’t exist. Choose a meal from the list above.
> pumpkin soup
Yeah! We planned the meals for Monday.
Tuesday
english breakfast
oatmeal
sandwich
scrambled eggs
Choose the breakfast for Tuesday from the list above:
> nonExistMeal
This meal doesn’t exist. Choose a meal from the list above.
> sandwich
chicken salad
omelette
salad
sushi
Choose the lunch for Tuesday from the list above:
> nonExistMeal
This meal doesn’t exist. Choose a meal from the list above.
> chicken salad
beef steak
pizza
pumpkin soup
tomato soup
Choose the dinner for Tuesday from the list above:
> nonExistMeal
This meal doesn’t exist. Choose a meal from the list above.
> beef steak
Yeah! We planned the meals for Tuesday.
Wednesday
english breakfast
oatmeal
sandwich
scrambled eggs
Choose the breakfast for Wednesday from the list above:
> nonExistMeal
This meal doesn’t exist. Choose a meal from the list above.
> oatmeal
chicken salad
omelette
salad
sushi
Choose the lunch for Wednesday from the list above:
> nonExistMeal
This meal doesn’t exist. Choose a meal from the list above.
> omelette
beef steak
pizza
pumpkin soup
tomato soup
Choose the dinner for Wednesday from the list above:
> nonExistMeal
This meal doesn’t exist. Choose a meal from the list above.
> pizza
Yeah! We planned the meals for Wednesday.
Thursday
english breakfast
oatmeal
sandwich
scrambled eggs
Choose the breakfast for Thursday from the list above:
> nonExistMeal
This meal doesn’t exist. Choose a meal from the list above.
> english breakfast
chicken salad
omelette
salad
sushi
Choose the lunch for Thursday from the list above:
> nonExistMeal
This meal doesn’t exist. Choose a meal from the list above.
> salad
beef steak
pizza
pumpkin soup
tomato soup
Choose the dinner for Thursday from the list above:
> nonExistMeal
This meal doesn’t exist. Choose a meal from the list above.
> tomato soup
Yeah! We planned the meals for Thursday.
Friday
english breakfast
oatmeal
sandwich
scrambled eggs
Choose the breakfast for Friday from the list above:
> nonExistMeal
This meal doesn’t exist. Choose a meal from the list above.
> scrambled eggs
chicken salad
omelette
salad
sushi
Choose the lunch for Friday from the list above:
> nonExistMeal
This meal doesn’t exist. Choose a meal from the list above.
> sushi
beef steak
pizza
pumpkin soup
tomato soup
Choose the dinner for Friday from the list above:
> nonExistMeal
This meal doesn’t exist. Choose a meal from the list above.
> pumpkin soup
Yeah! We planned the meals for Friday.
Saturday
english breakfast
oatmeal
sandwich
scrambled eggs
Choose the breakfast for Saturday from the list above:
> nonExistMeal
This meal doesn’t exist. Choose a meal from the list above.
> sandwich
chicken salad
omelette
salad
sushi
Choose the lunch for Saturday from the list above:
> nonExistMeal
This meal doesn’t exist. Choose a meal from the list above.
> chicken salad
beef steak
pizza
pumpkin soup
tomato soup
Choose the dinner for Saturday from the list above:
> nonExistMeal
This meal doesn’t exist. Choose a meal from the list above.
> beef steak
Yeah! We planned the meals for Saturday.
Sunday
english breakfast
oatmeal
sandwich
scrambled eggs
Choose the breakfast for Sunday from the list above:
> nonExistMeal
This meal doesn’t exist. Choose a meal from the list above.
> oatmeal
chicken salad
omelette
salad
sushi
Choose the lunch for Sunday from the list above:
> nonExistMeal
This meal doesn’t exist. Choose a meal from the list above.
> omelette
beef steak
pizza
pumpkin soup
tomato soup
Choose the dinner for Sunday from the list above:
> nonExistMeal
This meal doesn’t exist. Choose a meal from the list above.
> pizza
Yeah! We planned the meals for Sunday.
Monday
Breakfast: scrambled eggs
Lunch: sushi
Dinner: pumpkin soup

Tuesday
Breakfast: sandwich
Lunch: chicken salad
Dinner: beef steak

Wednesday
Breakfast: oatmeal
Lunch: omelette
Dinner: pizza

Thursday
Breakfast: english breakfast
Lunch: salad
Dinner: tomato soup

Friday
Breakfast: scrambled eggs
Lunch: sushi
Dinner: pumpkin soup

Saturday
Breakfast: sandwich
Lunch: chicken salad
Dinner: beef steak

Sunday
Breakfast: oatmeal
Lunch: omelette
Dinner: pizza

What would you like to do (add, show, plan, save, exit)?
> exit
Bye!
?[1;31m
Start test 6?[0m
What would you like to do (add, show, plan, save, exit)?
> save
Input a filename:
> plan.txt
Saved!
What would you like to do (add, show, plan, save, exit)?
]]></system-out>
  <system-err><![CDATA[]]></system-err>
</testsuite>
